2019-06-17 23:02:55.673 INFO  com.wondersgroup.Base0400ShiroApplicationTests Line:50  - Starting Base0400ShiroApplicationTests on PC-chenlin with PID 17900 (started by 86353 in E:\code\idea\study\base\base-0400-shiro)
2019-06-17 23:02:55.677 INFO  com.wondersgroup.Base0400ShiroApplicationTests Line:675 - No active profile set, falling back to default profiles: default
2019-06-17 23:03:00.278 INFO  org.springframework.scheduling.concurrent.ThreadPoolTaskExecutor Line:171 - Initializing ExecutorService 'applicationTaskExecutor'
2019-06-17 23:03:00.766 INFO  org.springframework.boot.autoconfigure.web.servlet.WelcomePageHandlerMapping Line:61  - Adding welcome page template: index
2019-06-17 23:03:01.253 INFO  com.wondersgroup.Base0400ShiroApplicationTests Line:59  - Started Base0400ShiroApplicationTests in 6.436 seconds (JVM running for 8.138)
2019-06-17 23:03:01.762 INFO  com.alibaba.druid.pool.DruidDataSource Line:1002 - {dataSource-1} inited
2019-06-17 23:03:02.552 INFO  org.springframework.scheduling.concurrent.ThreadPoolTaskExecutor Line:208 - Shutting down ExecutorService 'applicationTaskExecutor'
2019-06-17 23:03:02.561 INFO  com.alibaba.druid.pool.DruidDataSource Line:1885 - {dataSource-1} closing ...
2019-06-17 23:03:02.569 INFO  com.alibaba.druid.pool.DruidDataSource Line:1955 - {dataSource-1} closed
2019-06-17 23:03:39.442 INFO  com.wondersgroup.Base0400ShiroApplicationTests Line:50  - Starting Base0400ShiroApplicationTests on PC-chenlin with PID 10688 (started by 86353 in E:\code\idea\study\base\base-0400-shiro)
2019-06-17 23:03:39.446 INFO  com.wondersgroup.Base0400ShiroApplicationTests Line:675 - No active profile set, falling back to default profiles: default
2019-06-17 23:03:44.222 INFO  org.springframework.scheduling.concurrent.ThreadPoolTaskExecutor Line:171 - Initializing ExecutorService 'applicationTaskExecutor'
2019-06-17 23:03:44.700 INFO  org.springframework.boot.autoconfigure.web.servlet.WelcomePageHandlerMapping Line:61  - Adding welcome page template: index
2019-06-17 23:03:45.194 INFO  com.wondersgroup.Base0400ShiroApplicationTests Line:59  - Started Base0400ShiroApplicationTests in 6.489 seconds (JVM running for 7.984)
2019-06-17 23:03:45.863 INFO  com.alibaba.druid.pool.DruidDataSource Line:1002 - {dataSource-1} inited
2019-06-17 23:03:46.496 INFO  org.springframework.scheduling.concurrent.ThreadPoolTaskExecutor Line:208 - Shutting down ExecutorService 'applicationTaskExecutor'
2019-06-17 23:03:46.499 INFO  com.alibaba.druid.pool.DruidDataSource Line:1885 - {dataSource-1} closing ...
2019-06-17 23:03:46.506 INFO  com.alibaba.druid.pool.DruidDataSource Line:1955 - {dataSource-1} closed
2019-06-17 23:06:12.384 INFO  com.wondersgroup.Base0400ShiroApplicationTests Line:50  - Starting Base0400ShiroApplicationTests on PC-chenlin with PID 6792 (started by 86353 in E:\code\idea\study\base\base-0400-shiro)
2019-06-17 23:06:12.388 INFO  com.wondersgroup.Base0400ShiroApplicationTests Line:675 - No active profile set, falling back to default profiles: default
2019-06-17 23:06:17.214 INFO  org.springframework.scheduling.concurrent.ThreadPoolTaskExecutor Line:171 - Initializing ExecutorService 'applicationTaskExecutor'
2019-06-17 23:06:17.686 INFO  org.springframework.boot.autoconfigure.web.servlet.WelcomePageHandlerMapping Line:61  - Adding welcome page template: index
2019-06-17 23:06:18.156 INFO  com.wondersgroup.Base0400ShiroApplicationTests Line:59  - Started Base0400ShiroApplicationTests in 6.625 seconds (JVM running for 8.25)
2019-06-17 23:06:18.566 INFO  com.alibaba.druid.pool.DruidDataSource Line:1002 - {dataSource-1} inited
2019-06-17 23:06:19.286 INFO  org.springframework.scheduling.concurrent.ThreadPoolTaskExecutor Line:208 - Shutting down ExecutorService 'applicationTaskExecutor'
2019-06-17 23:06:19.288 INFO  com.alibaba.druid.pool.DruidDataSource Line:1885 - {dataSource-1} closing ...
2019-06-17 23:06:19.295 INFO  com.alibaba.druid.pool.DruidDataSource Line:1955 - {dataSource-1} closed
2019-06-17 23:06:45.339 INFO  com.wondersgroup.Base0400ShiroApplicationTests Line:50  - Starting Base0400ShiroApplicationTests on PC-chenlin with PID 17968 (started by 86353 in E:\code\idea\study\base\base-0400-shiro)
2019-06-17 23:06:45.389 INFO  com.wondersgroup.Base0400ShiroApplicationTests Line:675 - No active profile set, falling back to default profiles: default
2019-06-17 23:06:49.805 INFO  org.springframework.scheduling.concurrent.ThreadPoolTaskExecutor Line:171 - Initializing ExecutorService 'applicationTaskExecutor'
2019-06-17 23:06:50.280 INFO  org.springframework.boot.autoconfigure.web.servlet.WelcomePageHandlerMapping Line:61  - Adding welcome page template: index
2019-06-17 23:06:50.758 INFO  com.wondersgroup.Base0400ShiroApplicationTests Line:59  - Started Base0400ShiroApplicationTests in 6.183 seconds (JVM running for 7.764)
2019-06-17 23:06:51.192 INFO  com.alibaba.druid.pool.DruidDataSource Line:1002 - {dataSource-1} inited
2019-06-17 23:06:51.769 INFO  org.springframework.scheduling.concurrent.ThreadPoolTaskExecutor Line:208 - Shutting down ExecutorService 'applicationTaskExecutor'
2019-06-17 23:06:51.771 INFO  com.alibaba.druid.pool.DruidDataSource Line:1885 - {dataSource-1} closing ...
2019-06-17 23:06:51.779 INFO  com.alibaba.druid.pool.DruidDataSource Line:1955 - {dataSource-1} closed
