2019-05-31 08:48:08.158 INFO  com.wondersgroup.Base0201JspApplication Line:50  - Starting Base0201JspApplication on PC-chenlin with PID 17340 (E:\code\idea\study\base\base-0201-jsp\target\classes started by 86353 in E:\code\idea\study\base\base-0201-jsp)
2019-05-31 08:48:08.166 INFO  com.wondersgroup.Base0201JspApplication Line:675 - No active profile set, falling back to default profiles: default
2019-05-31 08:48:09.774 INFO  org.springframework.boot.web.embedded.tomcat.TomcatWebServer Line:90  - Tomcat initialized with port(s): 8080 (http)
2019-05-31 08:48:09.812 INFO  org.apache.catalina.core.StandardService Line:173 - Starting service [Tomcat]
2019-05-31 08:48:09.813 INFO  org.apache.catalina.core.StandardEngine Line:173 - Starting Servlet engine: [Apache Tomcat/9.0.19]
2019-05-31 08:48:09.833 INFO  org.apache.catalina.core.AprLifecycleListener Line:173 - An older version [1.2.14] of the APR based Apache Tomcat Native library is installed, while Tomcat recommends a minimum version of [1.2.21]
2019-05-31 08:48:09.835 INFO  org.apache.catalina.core.AprLifecycleListener Line:173 - Loaded APR based Apache Tomcat Native library [1.2.14] using APR version [1.6.2].
2019-05-31 08:48:09.836 INFO  org.apache.catalina.core.AprLifecycleListener Line:173 - APR capabilities: IPv6 [true], sendfile [true], accept filters [false], random [true].
2019-05-31 08:48:09.837 INFO  org.apache.catalina.core.AprLifecycleListener Line:173 - APR/OpenSSL configuration: useAprConnector [false], useOpenSSL [true]
2019-05-31 08:48:10.935 INFO  org.apache.catalina.core.AprLifecycleListener Line:173 - OpenSSL successfully initialized [OpenSSL 1.0.2l  25 May 2017]
2019-05-31 08:48:11.282 INFO  org.apache.jasper.servlet.TldScanner Line:173 - At least one JAR was scanned for TLDs yet contained no TLDs. Enable debug logging for this logger for a complete list of JARs that were scanned but no TLDs were found in them. Skipping unneeded JARs during scanning can improve startup time and JSP compilation time.
2019-05-31 08:48:11.290 INFO  org.apache.catalina.core.ContainerBase.[Tomcat].[localhost].[/] Line:173 - Initializing Spring embedded WebApplicationContext
2019-05-31 08:48:11.292 INFO  org.springframework.web.context.ContextLoader Line:296 - Root WebApplicationContext: initialization completed in 3030 ms
2019-05-31 08:48:11.646 INFO  org.springframework.scheduling.concurrent.ThreadPoolTaskExecutor Line:171 - Initializing ExecutorService 'applicationTaskExecutor'
2019-05-31 08:48:12.010 INFO  org.springframework.boot.web.embedded.tomcat.TomcatWebServer Line:204 - Tomcat started on port(s): 8080 (http) with context path ''
2019-05-31 08:48:12.017 INFO  com.wondersgroup.Base0201JspApplication Line:59  - Started Base0201JspApplication in 4.946 seconds (JVM running for 12.476)
2019-05-31 08:49:36.080 INFO  org.apache.catalina.core.ContainerBase.[Tomcat].[localhost].[/] Line:173 - Initializing Spring DispatcherServlet 'dispatcherServlet'
2019-05-31 08:49:36.081 INFO  org.springframework.web.servlet.DispatcherServlet Line:524 - Initializing Servlet 'dispatcherServlet'
2019-05-31 08:49:36.092 INFO  org.springframework.web.servlet.DispatcherServlet Line:546 - Completed initialization in 10 ms
2019-05-31 08:50:21.097 INFO  com.wondersgroup.Base0201JspApplication Line:50  - Starting Base0201JspApplication on PC-chenlin with PID 16732 (E:\code\idea\study\base\base-0201-jsp\target\classes started by 86353 in E:\code\idea\study\base\base-0201-jsp)
2019-05-31 08:50:21.105 INFO  com.wondersgroup.Base0201JspApplication Line:675 - No active profile set, falling back to default profiles: default
2019-05-31 08:50:22.751 INFO  org.springframework.boot.web.embedded.tomcat.TomcatWebServer Line:90  - Tomcat initialized with port(s): 8080 (http)
2019-05-31 08:50:22.793 INFO  org.apache.catalina.core.StandardService Line:173 - Starting service [Tomcat]
2019-05-31 08:50:22.794 INFO  org.apache.catalina.core.StandardEngine Line:173 - Starting Servlet engine: [Apache Tomcat/9.0.19]
2019-05-31 08:50:22.811 INFO  org.apache.catalina.core.AprLifecycleListener Line:173 - An older version [1.2.14] of the APR based Apache Tomcat Native library is installed, while Tomcat recommends a minimum version of [1.2.21]
2019-05-31 08:50:22.812 INFO  org.apache.catalina.core.AprLifecycleListener Line:173 - Loaded APR based Apache Tomcat Native library [1.2.14] using APR version [1.6.2].
2019-05-31 08:50:22.812 INFO  org.apache.catalina.core.AprLifecycleListener Line:173 - APR capabilities: IPv6 [true], sendfile [true], accept filters [false], random [true].
2019-05-31 08:50:22.813 INFO  org.apache.catalina.core.AprLifecycleListener Line:173 - APR/OpenSSL configuration: useAprConnector [false], useOpenSSL [true]
2019-05-31 08:50:23.890 INFO  org.apache.catalina.core.AprLifecycleListener Line:173 - OpenSSL successfully initialized [OpenSSL 1.0.2l  25 May 2017]
2019-05-31 08:50:24.162 INFO  org.apache.jasper.servlet.TldScanner Line:173 - At least one JAR was scanned for TLDs yet contained no TLDs. Enable debug logging for this logger for a complete list of JARs that were scanned but no TLDs were found in them. Skipping unneeded JARs during scanning can improve startup time and JSP compilation time.
2019-05-31 08:50:24.192 INFO  org.apache.catalina.core.ContainerBase.[Tomcat].[localhost].[/] Line:173 - Initializing Spring embedded WebApplicationContext
2019-05-31 08:50:24.193 INFO  org.springframework.web.context.ContextLoader Line:296 - Root WebApplicationContext: initialization completed in 2994 ms
2019-05-31 08:50:24.613 INFO  org.springframework.scheduling.concurrent.ThreadPoolTaskExecutor Line:171 - Initializing ExecutorService 'applicationTaskExecutor'
2019-05-31 08:50:24.913 INFO  org.springframework.boot.web.embedded.tomcat.TomcatWebServer Line:204 - Tomcat started on port(s): 8080 (http) with context path ''
2019-05-31 08:50:24.919 INFO  com.wondersgroup.Base0201JspApplication Line:59  - Started Base0201JspApplication in 4.501 seconds (JVM running for 9.369)
2019-05-31 08:50:40.464 INFO  org.apache.catalina.core.ContainerBase.[Tomcat].[localhost].[/] Line:173 - Initializing Spring DispatcherServlet 'dispatcherServlet'
2019-05-31 08:50:40.466 INFO  org.springframework.web.servlet.DispatcherServlet Line:524 - Initializing Servlet 'dispatcherServlet'
2019-05-31 08:50:40.475 INFO  org.springframework.web.servlet.DispatcherServlet Line:546 - Completed initialization in 8 ms
2019-05-31 10:06:12.540 INFO  com.wondersgroup.Base0201JspApplicationTests Line:50  - Starting Base0201JspApplicationTests on PC-chenlin with PID 7944 (started by 86353 in E:\code\idea\study\base\base-0201-jsp)
2019-05-31 10:06:12.541 INFO  com.wondersgroup.Base0201JspApplicationTests Line:675 - No active profile set, falling back to default profiles: default
2019-05-31 10:06:15.468 INFO  org.springframework.scheduling.concurrent.ThreadPoolTaskExecutor Line:171 - Initializing ExecutorService 'applicationTaskExecutor'
2019-05-31 10:06:16.325 INFO  com.wondersgroup.Base0201JspApplicationTests Line:59  - Started Base0201JspApplicationTests in 4.658 seconds (JVM running for 6.182)
2019-05-31 10:06:17.239 INFO  org.springframework.scheduling.concurrent.ThreadPoolTaskExecutor Line:208 - Shutting down ExecutorService 'applicationTaskExecutor'
2019-05-31 10:23:44.296 INFO  com.wondersgroup.Base0201JspApplicationTests Line:50  - Starting Base0201JspApplicationTests on PC-chenlin with PID 16576 (started by 86353 in E:\code\idea\study\base\base-0201-jsp)
2019-05-31 10:23:44.297 INFO  com.wondersgroup.Base0201JspApplicationTests Line:675 - No active profile set, falling back to default profiles: default
2019-05-31 10:23:46.602 INFO  org.springframework.scheduling.concurrent.ThreadPoolTaskExecutor Line:171 - Initializing ExecutorService 'applicationTaskExecutor'
2019-05-31 10:23:47.306 INFO  com.wondersgroup.Base0201JspApplicationTests Line:59  - Started Base0201JspApplicationTests in 3.675 seconds (JVM running for 5.093)
2019-05-31 10:23:47.830 INFO  org.springframework.scheduling.concurrent.ThreadPoolTaskExecutor Line:208 - Shutting down ExecutorService 'applicationTaskExecutor'
2019-05-31 10:30:15.118 INFO  com.wondersgroup.Base0201JspApplicationTests Line:50  - Starting Base0201JspApplicationTests on PC-chenlin with PID 7580 (started by 86353 in E:\code\idea\study\base\base-0201-jsp)
2019-05-31 10:30:15.119 INFO  com.wondersgroup.Base0201JspApplicationTests Line:675 - No active profile set, falling back to default profiles: default
2019-05-31 10:30:17.659 INFO  org.springframework.scheduling.concurrent.ThreadPoolTaskExecutor Line:171 - Initializing ExecutorService 'applicationTaskExecutor'
2019-05-31 10:30:18.256 INFO  com.wondersgroup.Base0201JspApplicationTests Line:59  - Started Base0201JspApplicationTests in 3.799 seconds (JVM running for 5.275)
2019-05-31 10:30:18.736 INFO  org.springframework.scheduling.concurrent.ThreadPoolTaskExecutor Line:208 - Shutting down ExecutorService 'applicationTaskExecutor'
